18:21:20 **** Build of configuration Debug for project DesignForStack ****
make all 
Building file: ../src/stack.c
Invoking: GCC C Compiler
gcc -O0 -g3 -Wall -c -fmessage-length=0 -MMD -MP -MF"src/stack.d" -MT"src/stack.o" -o "src/stack.o" "../src/stack.c"
../src/stack.c:1:19: fatal error: stack.h: No such file or directory
src/subdir.mk:18: recipe for target 'src/stack.o' failed
compilation terminated.
make: *** [src/stack.o] Error 1
18:22:25 **** Incremental Build of configuration Debug for project DesignForStack ****
make all 
Building file: ../src/stack.c
Invoking: GCC C Compiler
gcc -O0 -g3 -Wall -c -fmessage-length=0 -MMD -MP -MF"src/stack.d" -MT"src/stack.o" -o "src/stack.o" "../src/stack.c"
../src/stack.c:1:19: fatal error: stack.h: No such file or directory
compilation terminated.
src/subdir.mk:18: recipe for target 'src/stack.o' failed
make: *** [src/stack.o] Error 1
18:22:48 **** Incremental Build of configuration Debug for project DesignForStack ****
make all 
Building file: ../src/stack.c
Invoking: GCC C Compiler
gcc -O0 -g3 -Wall -c -fmessage-length=0 -MMD -MP -MF"src/stack.d" -MT"src/stack.o" -o "src/stack.o" "../src/stack.c"
../src/stack.c:1:19: fatal error: stack.h: No such file or directory
compilation terminated.
src/subdir.mk:18: recipe for target 'src/stack.o' failed
make: *** [src/stack.o] Error 1
18:29:41 **** Incremental Build of configuration Debug for project DesignForStack ****
make all 
Building file: ../src/stack.c
Invoking: GCC C Compiler
gcc -I"/home/xin/Documents/workspace/DesignForStack/DesignForStack/inc" -O0 -g3 -Wall -c -fmessage-length=0 -MMD -MP -MF"src/stack.d" -MT"src/stack.o" -o "src/stack.o" "../src/stack.c"
Finished building: ../src/stack.c
 
Building file: ../main/main.c
Invoking: GCC C Compiler
gcc -I"/home/xin/Documents/workspace/DesignForStack/DesignForStack/inc" -O0 -g3 -Wall -c -fmessage-length=0 -MMD -MP -MF"main/main.d" -MT"main/main.o" -o "main/main.o" "../main/main.c"
Finished building: ../main/main.c
 
Building target: DesignForStack
Invoking: GCC C Linker
gcc  -o "DesignForStack"  ./src/stack.o  ./main/main.o   
/usr/lib/gcc/x86_64-linux-gnu/5/../../../x86_64-linux-gnu/crt1.o: In function `_start':
(.text+0x20): undefined reference to `main'
makefile:31: recipe for target 'DesignForStack' failed
collect2: error: ld returned 1 exit status
make: *** [DesignForStack] Error 1
18:30:22 **** Incremental Build of configuration Debug for project DesignForStack ****
make all 
Building target: DesignForStack
Invoking: GCC C Linker
gcc  -o "DesignForStack"  ./src/stack.o  ./main/main.o   
/usr/lib/gcc/x86_64-linux-gnu/5/../../../x86_64-linux-gnu/crt1.o: In function `_start':
(.text+0x20): undefined reference to `main'
collect2: error: ld returned 1 exit status
make: *** [DesignForStack] Error 1
makefile:31: recipe for target 'DesignForStack' failed
19:12:17 **** Incremental Build of configuration Debug for project DesignForStack ****
make all 
Building file: ../src/stack.c
Invoking: GCC C Compiler
gcc -I"/home/xin/Documents/workspace/DesignForStack/DesignForStack/inc" -O0 -g3 -Wall -c -fmessage-length=0 -MMD -MP -MF"src/stack.d" -MT"src/stack.o" -o "src/stack.o" "../src/stack.c"
../src/stack.c: In function ‘push’:
../src/stack.c:21:3: warning: implicit declaration of function ‘printf’ [-Wimplicit-function-declaration]
   printf("The stack is full, no place to push element!");
   ^
../src/stack.c:21:3: warning: incompatible implicit declaration of built-in function ‘printf’
../src/stack.c:21:3: note: include ‘<stdio.h>’ or provide a declaration of ‘printf’
../src/stack.c: In function ‘pop’:
../src/stack.c:32:3: warning: incompatible implicit declaration of built-in function ‘printf’
   printf("The stack is empty, no element to pop!");
   ^
../src/stack.c:32:3: note: include ‘<stdio.h>’ or provide a declaration of ‘printf’
Finished building: ../src/stack.c
 
Building file: ../main/main.c
Invoking: GCC C Compiler
gcc -I"/home/xin/Documents/workspace/DesignForStack/DesignForStack/inc" -O0 -g3 -Wall -c -fmessage-length=0 -MMD -MP -MF"main/main.d" -MT"main/main.o" -o "main/main.o" "../main/main.c"
../main/main.c:5:6: warning: return type of ‘main’ is not ‘int’ [-Wmain]
 void main(void)
      ^
../main/main.c: In function ‘main’:
../main/main.c:13:3: error: too few arguments to function ‘push’
   push();
   ^
In file included from ../main/main.c:3:0:
/home/xin/Documents/workspace/DesignForStack/DesignForStack/inc/stack.h:6:6: note: declared here
 bool push(int val);
      ^
../main/main.c:7:6: warning: unused variable ‘arr’ [-Wunused-variable]
  int arr[5] = {0,1,2,3,4};
      ^
make: *** [main/main.o] Error 1
main/subdir.mk:18: recipe for target 'main/main.o' failed
19:13:58 **** Incremental Build of configuration Debug for project DesignForStack ****
make all 
Building file: ../main/main.c
Invoking: GCC C Compiler
gcc -I"/home/xin/Documents/workspace/DesignForStack/DesignForStack/inc" -O0 -g3 -Wall -c -fmessage-length=0 -MMD -MP -MF"main/main.d" -MT"main/main.o" -o "main/main.o" "../main/main.c"
../main/main.c:5:6: warning: return type of ‘main’ is not ‘int’ [-Wmain]
 void main(void)
      ^
../main/main.c: In function ‘main’:
../main/main.c:13:3: error: too few arguments to function ‘push’
main/subdir.mk:18: recipe for target 'main/main.o' failed
   push();
   ^
In file included from ../main/main.c:3:0:
/home/xin/Documents/workspace/DesignForStack/DesignForStack/inc/stack.h:6:6: note: declared here
 bool push(int val);
      ^
../main/main.c:7:6: warning: unused variable ‘arr’ [-Wunused-variable]
  int arr[5] = {0,1,2,3,4};
      ^
make: *** [main/main.o] Error 1
19:15:29 **** Incremental Build of configuration Debug for project DesignForStack ****
make all 
Building file: ../main/main.c
Invoking: GCC C Compiler
gcc -I"/home/xin/Documents/workspace/DesignForStack/DesignForStack/inc" -O0 -g3 -Wall -c -fmessage-length=0 -MMD -MP -MF"main/main.d" -MT"main/main.o" -o "main/main.o" "../main/main.c"
../main/main.c:5:6: warning: return type of ‘main’ is not ‘int’ [-Wmain]
 void main(void)
      ^
../main/main.c: In function ‘main’:
../main/main.c:13:3: error: too few arguments to function ‘push’
   push();
   ^
In file included from ../main/main.c:3:0:
/home/xin/Documents/workspace/DesignForStack/DesignForStack/inc/stack.h:6:6: note: declared here
main/subdir.mk:18: recipe for target 'main/main.o' failed
 bool push(int val);
      ^
../main/main.c:7:6: warning: unused variable ‘arr’ [-Wunused-variable]
  int arr[5] = {0,1,2,3,4};
      ^
make: *** [main/main.o] Error 1
19:16:06 **** Incremental Build of configuration Debug for project DesignForStack ****
make all 
Building file: ../main/main.c
Invoking: GCC C Compiler
gcc -I"/home/xin/Documents/workspace/DesignForStack/DesignForStack/inc" -O0 -g3 -Wall -c -fmessage-length=0 -MMD -MP -MF"main/main.d" -MT"main/main.o" -o "main/main.o" "../main/main.c"
../main/main.c:5:6: warning: return type of ‘main’ is not ‘int’ [-Wmain]
 void main(void)
      ^
main/subdir.mk:18: recipe for target 'main/main.o' failed
../main/main.c: In function ‘main’:
../main/main.c:13:3: error: too few arguments to function ‘push’
   push();
   ^
In file included from ../main/main.c:3:0:
/home/xin/Documents/workspace/DesignForStack/DesignForStack/inc/stack.h:6:6: note: declared here
 bool push(int val);
      ^
../main/main.c:7:6: warning: unused variable ‘arr’ [-Wunused-variable]
  int arr[5] = {0,1,2,3,4};
      ^
make: *** [main/main.o] Error 1
19:17:43 **** Incremental Build of configuration Debug for project DesignForStack ****
make all 
Building file: ../main/main.c
Invoking: GCC C Compiler
gcc -I"/home/xin/Documents/workspace/DesignForStack/DesignForStack/inc" -O0 -g3 -Wall -c -fmessage-length=0 -MMD -MP -MF"main/main.d" -MT"main/main.o" -o "main/main.o" "../main/main.c"
../main/main.c:5:6: warning: return type of ‘main’ is not ‘int’ [-Wmain]
main/subdir.mk:18: recipe for target 'main/main.o' failed
 void main(void)
      ^
../main/main.c: In function ‘main’:
../main/main.c:13:3: error: too few arguments to function ‘push’
   push();
   ^
In file included from ../main/main.c:3:0:
/home/xin/Documents/workspace/DesignForStack/DesignForStack/inc/stack.h:6:6: note: declared here
 bool push(int val);
      ^
../main/main.c:7:6: warning: unused variable ‘arr’ [-Wunused-variable]
  int arr[5] = {0,1,2,3,4};
      ^
make: *** [main/main.o] Error 1
19:17:53 **** Incremental Build of configuration Debug for project DesignForStack ****
make all 
Building file: ../main/main.c
Invoking: GCC C Compiler
gcc -I"/home/xin/Documents/workspace/DesignForStack/DesignForStack/inc" -O0 -g3 -Wall -c -fmessage-length=0 -MMD -MP -MF"main/main.d" -MT"main/main.o" -o "main/main.o" "../main/main.c"
../main/main.c:5:6: warning: return type of ‘main’ is not ‘int’ [-Wmain]
 void main(void)
      ^
../main/main.c: In function ‘main’:
../main/main.c:13:3: error: too few arguments to function ‘push’
   push();
   ^
In file included from ../main/main.c:3:0:
/home/xin/Documents/workspace/DesignForStack/DesignForStack/inc/stack.h:6:6: note: declared here
 bool push(int val);
      ^
../main/main.c:7:6: warning: unused variable ‘arr’ [-Wunused-variable]
  int arr[5] = {0,1,2,3,4};
main/subdir.mk:18: recipe for target 'main/main.o' failed
      ^
make: *** [main/main.o] Error 1
19:20:09 **** Incremental Build of configuration Debug for project DesignForStack ****
make all 
Building file: ../main/main.c
Invoking: GCC C Compiler
gcc -I"/home/xin/Documents/workspace/DesignForStack/DesignForStack/inc" -O0 -g3 -Wall -c -fmessage-length=0 -MMD -MP -MF"main/main.d" -MT"main/main.o" -o "main/main.o" "../main/main.c"
../main/main.c:5:6: warning: return type of ‘main’ is not ‘int’ [-Wmain]
 void main(void)
      ^
../main/main.c: In function ‘main’:
../main/main.c:13:3: error: too few arguments to function ‘push’
   push();
   ^
In file included from ../main/main.c:3:0:
/home/xin/Documents/workspace/DesignForStack/DesignForStack/inc/stack.h:6:6: note: declared here
 bool push(int val);
      ^
../main/main.c:7:6: warning: unused variable ‘arr’ [-Wunused-variable]
  int arr[5] = {0,1,2,3,4};
      ^
main/subdir.mk:18: recipe for target 'main/main.o' failed
make: *** [main/main.o] Error 1
19:20:53 **** Incremental Build of configuration Debug for project DesignForStack ****
make all 
Building file: ../main/main.c
Invoking: GCC C Compiler
gcc -I"/home/xin/Documents/workspace/DesignForStack/DesignForStack/inc" -O0 -g3 -Wall -c -fmessage-length=0 -MMD -MP -MF"main/main.d" -MT"main/main.o" -o "main/main.o" "../main/main.c"
../main/main.c:5:6: warning: return type of ‘main’ is not ‘int’ [-Wmain]
 void main(void)
      ^
main/subdir.mk:18: recipe for target 'main/main.o' failed
../main/main.c: In function ‘main’:
../main/main.c:13:3: error: too few arguments to function ‘push’
   push();
   ^
In file included from ../main/main.c:3:0:
/home/xin/Documents/workspace/DesignForStack/DesignForStack/inc/stack.h:6:6: note: declared here
 bool push(int val);
      ^
../main/main.c:7:6: warning: unused variable ‘arr’ [-Wunused-variable]
  int arr[5] = {0,1,2,3,4};
      ^
make: *** [main/main.o] Error 1
19:21:02 **** Incremental Build of configuration Debug for project DesignForStack ****
make all 
Building file: ../main/main.c
Invoking: GCC C Compiler
gcc -I"/home/xin/Documents/workspace/DesignForStack/DesignForStack/inc" -O0 -g3 -Wall -c -fmessage-length=0 -MMD -MP -MF"main/main.d" -MT"main/main.o" -o "main/main.o" "../main/main.c"
../main/main.c:5:6: warning: return type of ‘main’ is not ‘int’ [-Wmain]
 void main(void)
      ^
../main/main.c: In function ‘main’:
../main/main.c:13:3: error: too few arguments to function ‘push’
   push();
   ^
In file included from ../main/main.c:3:0:
main/subdir.mk:18: recipe for target 'main/main.o' failed
/home/xin/Documents/workspace/DesignForStack/DesignForStack/inc/stack.h:6:6: note: declared here
 bool push(int val);
      ^
../main/main.c:7:6: warning: unused variable ‘arr’ [-Wunused-variable]
  int arr[5] = {0,1,2,3,4};
      ^
make: *** [main/main.o] Error 1
19:21:18 **** Clean-only build of configuration Debug for project DesignForStack ****
make clean 
rm -rf  ./src/stack.o  ./main/main.o  ./src/stack.d  ./main/main.d  DesignForStack
 
19:21:25 **** Build of configuration Debug for project DesignForStack ****
make all 
Building file: ../src/stack.c
Invoking: GCC C Compiler
gcc -I"/home/xin/Documents/workspace/DesignForStack/DesignForStack/inc" -O0 -g3 -Wall -c -fmessage-length=0 -MMD -MP -MF"src/stack.d" -MT"src/stack.o" -o "src/stack.o" "../src/stack.c"
../src/stack.c: In function ‘push’:
../src/stack.c:21:3: warning: implicit declaration of function ‘printf’ [-Wimplicit-function-declaration]
   printf("The stack is full, no place to push element!");
   ^
../src/stack.c:21:3: warning: incompatible implicit declaration of built-in function ‘printf’
../src/stack.c:21:3: note: include ‘<stdio.h>’ or provide a declaration of ‘printf’
../src/stack.c: In function ‘pop’:
../src/stack.c:32:3: warning: incompatible implicit declaration of built-in function ‘printf’
   printf("The stack is empty, no element to pop!");
   ^
../src/stack.c:32:3: note: include ‘<stdio.h>’ or provide a declaration of ‘printf’
Finished building: ../src/stack.c
 
Building file: ../main/main.c
Invoking: GCC C Compiler
gcc -I"/home/xin/Documents/workspace/DesignForStack/DesignForStack/inc" -O0 -g3 -Wall -c -fmessage-length=0 -MMD -MP -MF"main/main.d" -MT"main/main.o" -o "main/main.o" "../main/main.c"
../main/main.c:5:6: warning: return type of ‘main’ is not ‘int’ [-Wmain]
 void main(void)
      ^
../main/main.c: In function ‘main’:
../main/main.c:13:3: error: too few arguments to function ‘push’
   push();
   ^
In file included from ../main/main.c:3:0:
/home/xin/Documents/workspace/DesignForStack/DesignForStack/inc/stack.h:6:6: note: declared here
main/subdir.mk:18: recipe for target 'main/main.o' failed
 bool push(int val);
      ^
../main/main.c:7:6: warning: unused variable ‘arr’ [-Wunused-variable]
  int arr[5] = {0,1,2,3,4};
      ^
make: *** [main/main.o] Error 1
19:21:46 **** Incremental Build of configuration Debug for project DesignForStack ****
make all 
Building file: ../src/stack.c
Invoking: GCC C Compiler
gcc -I"/home/xin/Documents/workspace/DesignForStack/DesignForStack/inc" -O0 -g3 -Wall -c -fmessage-length=0 -MMD -MP -MF"src/stack.d" -MT"src/stack.o" -o "src/stack.o" "../src/stack.c"
Finished building: ../src/stack.c
 
Building file: ../main/main.c
Invoking: GCC C Compiler
gcc -I"/home/xin/Documents/workspace/DesignForStack/DesignForStack/inc" -O0 -g3 -Wall -c -fmessage-length=0 -MMD -MP -MF"main/main.d" -MT"main/main.o" -o "main/main.o" "../main/main.c"
Finished building: ../main/main.c
 
Building target: DesignForStack
Invoking: GCC C Linker
gcc  -o "DesignForStack"  ./src/stack.o  ./main/main.o   
Finished building target: DesignForStack
 
19:22:01 **** Incremental Build of configuration Debug for project DesignForStack ****
make all 
Building file: ../main/main.c
Invoking: GCC C Compiler
gcc -I"/home/xin/Documents/workspace/DesignForStack/DesignForStack/inc" -O0 -g3 -Wall -c -fmessage-length=0 -MMD -MP -MF"main/main.d" -MT"main/main.o" -o "main/main.o" "../main/main.c"
Finished building: ../main/main.c
 
Building target: DesignForStack
Invoking: GCC C Linker
gcc  -o "DesignForStack"  ./src/stack.o  ./main/main.o   
Finished building target: DesignForStack
 
19:22:24 **** Incremental Build of configuration Debug for project DesignForStack ****
make all 
make: Nothing to be done for 'all'.
